{"level":"info","message":"Server is running on http://localhost:3000","timestamp":"2025-11-16T14:22:38.593Z"}
{"level":"info","message":"Server is running on http://localhost:3002","timestamp":"2025-11-16T14:23:51.273Z"}
{"level":"info","message":"Server is running on http://localhost:3002","timestamp":"2025-11-17T07:01:28.303Z"}
{"level":"info","message":"Server is running on http://localhost:3002","timestamp":"2025-11-17T07:02:11.019Z"}
{"level":"info","message":"Server is running on http://localhost:3002","timestamp":"2025-11-17T07:02:15.005Z"}
{"level":"info","message":"Server is running on http://localhost:3002","timestamp":"2025-11-17T11:19:43.859Z"}
{"level":"info","message":"Server is running on http://localhost:3000","timestamp":"2025-11-17T11:21:38.576Z"}
{"level":"info","message":"Server is running on http://localhost:3002","timestamp":"2025-11-17T11:25:45.042Z"}
{"level":"info","message":"Server is running on http://localhost:3002","timestamp":"2025-11-17T11:33:06.299Z"}
{"level":"info","message":"Server is running on http://localhost:3002","timestamp":"2025-11-17T11:33:53.585Z"}
{"level":"error","message":"Email already registered","method":"POST","stack":"Error: Email already registered\n    at register (file:///D:/N25_2/imtihon3/src/controller/user.controller.js:19:15)\n    at process.processTicksAndRejections (node:internal/process/task_queues:105:5)","timestamp":"2025-11-17T11:34:54.147Z","url":"/users/register"}
{"level":"error","message":"Email already registered","method":"POST","stack":"Error: Email already registered\n    at register (file:///D:/N25_2/imtihon3/src/controller/user.controller.js:19:15)\n    at process.processTicksAndRejections (node:internal/process/task_queues:105:5)","timestamp":"2025-11-17T11:35:01.685Z","url":"/users/register"}
{"level":"error","message":"Email already registered","method":"POST","stack":"Error: Email already registered\n    at register (file:///D:/N25_2/imtihon3/src/controller/user.controller.js:19:15)\n    at process.processTicksAndRejections (node:internal/process/task_queues:105:5)","timestamp":"2025-11-17T11:35:04.651Z","url":"/users/register"}
{"level":"info","message":"Server is running on http://localhost:3002","timestamp":"2025-11-17T11:37:28.141Z"}
{"level":"error","message":"Failed to send OTP email: Missing credentials for \"PLAIN\"","timestamp":"2025-11-17T11:37:41.228Z"}
{"level":"error","message":"Failed to send OTP email","method":"POST","stack":"Error: Failed to send OTP email\n    at sendOTPEmail (file:///D:/N25_2/imtihon3/src/config/email.js:34:11)\n    at process.processTicksAndRejections (node:internal/process/task_queues:105:5)\n    at async register (file:///D:/N25_2/imtihon3/src/controller/user.controller.js:41:7)","timestamp":"2025-11-17T11:37:41.231Z","url":"/users/register"}
{"level":"error","message":"Email already registered","method":"POST","stack":"Error: Email already registered\n    at register (file:///D:/N25_2/imtihon3/src/controller/user.controller.js:19:15)\n    at process.processTicksAndRejections (node:internal/process/task_queues:105:5)","timestamp":"2025-11-17T11:40:43.076Z","url":"/users/register"}
{"level":"error","message":"Failed to send OTP email: Missing credentials for \"PLAIN\"","timestamp":"2025-11-17T11:40:49.925Z"}
{"level":"error","message":"Failed to send OTP email","method":"POST","stack":"Error: Failed to send OTP email\n    at sendOTPEmail (file:///D:/N25_2/imtihon3/src/config/email.js:34:11)\n    at process.processTicksAndRejections (node:internal/process/task_queues:105:5)\n    at async register (file:///D:/N25_2/imtihon3/src/controller/user.controller.js:41:7)","timestamp":"2025-11-17T11:40:49.927Z","url":"/users/register"}
{"level":"info","message":"Server is running on http://localhost:3002","timestamp":"2025-11-17T11:45:26.597Z"}
{"level":"error","message":"Failed to send OTP email: Missing credentials for \"PLAIN\"","timestamp":"2025-11-17T11:45:32.067Z"}
{"level":"error","message":"Email sending failed: Failed to send OTP email","timestamp":"2025-11-17T11:45:32.069Z"}
{"level":"info","message":"Server is running on http://localhost:3002","timestamp":"2025-11-17T11:46:00.041Z"}
{"level":"info","message":"Server is running on http://localhost:3002","timestamp":"2025-11-17T11:46:07.296Z"}
{"level":"info","message":"Server is running on http://localhost:3002","timestamp":"2025-11-17T11:46:15.096Z"}
{"level":"info","message":"Server is running on http://localhost:3002","timestamp":"2025-11-17T11:49:37.332Z"}
{"level":"error","message":"Undefined binding(s) detected when compiling FIRST. Undefined column(s): [email, otp] query: select * from \"otp\" where \"email\" = ? and \"otp\" = ? and \"verified\" = ? limit ?","method":"POST","stack":"Error: Undefined binding(s) detected when compiling FIRST. Undefined column(s): [email, otp] query: select * from \"otp\" where \"email\" = ? and \"otp\" = ? and \"verified\" = ? limit ?\n    at QueryCompiler_PG.toSQL (D:\\N25_2\\imtihon3\\node_modules\\.pnpm\\knex@3.1.0_pg@8.16.3\\node_modules\\knex\\lib\\query\\querycompiler.js:112:13)\n    at QueryBuilder_PostgreSQL.toSQL (D:\\N25_2\\imtihon3\\node_modules\\.pnpm\\knex@3.1.0_pg@8.16.3\\node_modules\\knex\\lib\\query\\querybuilder.js:84:44)\n    at ensureConnectionCallback (D:\\N25_2\\imtihon3\\node_modules\\.pnpm\\knex@3.1.0_pg@8.16.3\\node_modules\\knex\\lib\\execution\\internal\\ensure-connection-callback.js:4:30)\n    at Runner.ensureConnection (D:\\N25_2\\imtihon3\\node_modules\\.pnpm\\knex@3.1.0_pg@8.16.3\\node_modules\\knex\\lib\\execution\\runner.js:318:20)\n    at process.processTicksAndRejections (node:internal/process/task_queues:105:5)\n    at async Runner.run (D:\\N25_2\\imtihon3\\node_modules\\.pnpm\\knex@3.1.0_pg@8.16.3\\node_modules\\knex\\lib\\execution\\runner.js:30:19)\n    at async verifyOTP (file:///D:/N25_2/imtihon3/src/controller/user.controller.js:68:25)","timestamp":"2025-11-17T11:53:51.536Z","url":"/users/verifyOTP"}
{"level":"error","message":"Undefined binding(s) detected when compiling FIRST. Undefined column(s): [email, otp] query: select * from \"otp\" where \"email\" = ? and \"otp\" = ? and \"verified\" = ? limit ?","method":"POST","stack":"Error: Undefined binding(s) detected when compiling FIRST. Undefined column(s): [email, otp] query: select * from \"otp\" where \"email\" = ? and \"otp\" = ? and \"verified\" = ? limit ?\n    at QueryCompiler_PG.toSQL (D:\\N25_2\\imtihon3\\node_modules\\.pnpm\\knex@3.1.0_pg@8.16.3\\node_modules\\knex\\lib\\query\\querycompiler.js:112:13)\n    at QueryBuilder_PostgreSQL.toSQL (D:\\N25_2\\imtihon3\\node_modules\\.pnpm\\knex@3.1.0_pg@8.16.3\\node_modules\\knex\\lib\\query\\querybuilder.js:84:44)\n    at ensureConnectionCallback (D:\\N25_2\\imtihon3\\node_modules\\.pnpm\\knex@3.1.0_pg@8.16.3\\node_modules\\knex\\lib\\execution\\internal\\ensure-connection-callback.js:4:30)\n    at Runner.ensureConnection (D:\\N25_2\\imtihon3\\node_modules\\.pnpm\\knex@3.1.0_pg@8.16.3\\node_modules\\knex\\lib\\execution\\runner.js:318:20)\n    at async Runner.run (D:\\N25_2\\imtihon3\\node_modules\\.pnpm\\knex@3.1.0_pg@8.16.3\\node_modules\\knex\\lib\\execution\\runner.js:30:19)\n    at async verifyOTP (file:///D:/N25_2/imtihon3/src/controller/user.controller.js:68:25)","timestamp":"2025-11-17T11:54:00.709Z","url":"/users/verifyOTP"}
{"level":"info","message":"Email verified: ali4@gmail.com","timestamp":"2025-11-17T11:54:26.426Z"}
{"level":"error","message":"Invalid OTP","method":"POST","stack":"Error: Invalid OTP\n    at verifyOTP (file:///D:/N25_2/imtihon3/src/controller/user.controller.js:72:15)\n    at process.processTicksAndRejections (node:internal/process/task_queues:105:5)","timestamp":"2025-11-17T12:19:33.002Z","url":"/users/verifyOTP"}
{"level":"info","message":"User logged in: ali@gmail.com","timestamp":"2025-11-17T12:22:32.186Z"}
{"level":"error","message":"Email already registered","method":"POST","stack":"Error: Email already registered\n    at register (file:///D:/N25_2/imtihon3/src/controller/user.controller.js:19:15)\n    at process.processTicksAndRejections (node:internal/process/task_queues:105:5)","timestamp":"2025-11-17T12:24:20.165Z","url":"/users/register"}
{"level":"error","message":"Failed to send OTP email: Missing credentials for \"PLAIN\"","timestamp":"2025-11-17T12:24:26.809Z"}
{"level":"error","message":"Email sending failed: Failed to send OTP email","timestamp":"2025-11-17T12:24:26.810Z"}
{"level":"error","message":"Email already registered","method":"POST","stack":"Error: Email already registered\n    at register (file:///D:/N25_2/imtihon3/src/controller/user.controller.js:19:15)\n    at process.processTicksAndRejections (node:internal/process/task_queues:105:5)","timestamp":"2025-11-17T12:26:58.801Z","url":"/users/register"}
{"level":"error","message":"Failed to send OTP email: Missing credentials for \"PLAIN\"","timestamp":"2025-11-17T12:27:15.374Z"}
{"level":"error","message":"Email sending failed: Failed to send OTP email","timestamp":"2025-11-17T12:27:15.374Z"}
{"level":"info","message":"Server is running on http://localhost:3002","timestamp":"2025-11-17T12:28:34.046Z"}
{"level":"error","message":"Failed to send OTP email: Missing credentials for \"PLAIN\"","timestamp":"2025-11-17T12:28:41.159Z"}
{"level":"error","message":"Email sending failed: Failed to send OTP email","timestamp":"2025-11-17T12:28:41.161Z"}
{"level":"error","message":"Failed to send OTP email: Missing credentials for \"PLAIN\"","timestamp":"2025-11-17T12:28:46.978Z"}
{"level":"error","message":"Email sending failed: Failed to send OTP email","timestamp":"2025-11-17T12:28:46.979Z"}
{"level":"error","message":"Email already registered","method":"POST","stack":"Error: Email already registered\n    at register (file:///D:/N25_2/imtihon3/src/controller/user.controller.js:19:15)\n    at process.processTicksAndRejections (node:internal/process/task_queues:105:5)","timestamp":"2025-11-17T12:29:28.181Z","url":"/users/register"}
{"level":"error","message":"Failed to send OTP email: Missing credentials for \"PLAIN\"","timestamp":"2025-11-17T12:29:34.779Z"}
{"level":"error","message":"Email sending failed: Failed to send OTP email","timestamp":"2025-11-17T12:29:34.780Z"}
{"level":"info","message":"Server is running on http://localhost:3002","timestamp":"2025-11-17T12:30:43.728Z"}
{"level":"error","message":"Email already registered","method":"POST","stack":"Error: Email already registered\n    at register (file:///D:/N25_2/imtihon3/src/controller/user.controller.js:19:15)\n    at process.processTicksAndRejections (node:internal/process/task_queues:105:5)","timestamp":"2025-11-17T12:30:48.739Z","url":"/users/register"}
{"level":"error","message":"Failed to send OTP email: Missing credentials for \"PLAIN\"","timestamp":"2025-11-17T12:30:57.510Z"}
{"level":"error","message":"Email sending failed: Failed to send OTP email","timestamp":"2025-11-17T12:30:57.510Z"}
{"level":"error","message":"Failed to send OTP email: Missing credentials for \"PLAIN\"","timestamp":"2025-11-17T12:31:22.862Z"}
{"level":"error","message":"Email sending failed: Failed to send OTP email","timestamp":"2025-11-17T12:31:22.863Z"}
{"level":"info","message":"Server is running on http://localhost:3002","timestamp":"2025-11-17T12:32:10.093Z"}
{"level":"error","message":"Email already registered","method":"POST","stack":"Error: Email already registered\n    at register (file:///D:/N25_2/imtihon3/src/controller/user.controller.js:19:15)\n    at process.processTicksAndRejections (node:internal/process/task_queues:105:5)","timestamp":"2025-11-17T12:32:21.559Z","url":"/users/register"}
{"level":"error","message":"Failed to send OTP email: Missing credentials for \"PLAIN\"","timestamp":"2025-11-17T12:32:42.457Z"}
{"level":"error","message":"Email sending failed: Failed to send OTP email","timestamp":"2025-11-17T12:32:42.458Z"}
{"level":"info","message":"Server is running on http://localhost:3002","timestamp":"2025-11-17T12:34:48.878Z"}
{"level":"info","message":"Server is running on http://localhost:3002","timestamp":"2025-11-17T12:34:51.590Z"}
{"level":"info","message":"Server is running on http://localhost:3002","timestamp":"2025-11-17T12:35:07.016Z"}
{"level":"error","message":"Email already registered","method":"POST","stack":"Error: Email already registered\n    at register (file:///D:/N25_2/imtihon3/src/controller/user.controller.js:19:15)\n    at process.processTicksAndRejections (node:internal/process/task_queues:105:5)","timestamp":"2025-11-17T12:35:14.051Z","url":"/users/register"}
{"level":"error","message":"Failed to send OTP email to sardorxs2099@gmail.com: nodemailer.createTransporter is not a function","timestamp":"2025-11-17T12:35:21.012Z"}
{"level":"error","message":"Email error details: {}","timestamp":"2025-11-17T12:35:21.013Z"}
{"level":"error","message":"Email sending failed: Failed to send OTP email","timestamp":"2025-11-17T12:35:21.014Z"}
{"level":"info","message":"Server is running on http://localhost:3002","timestamp":"2025-11-17T12:38:36.582Z"}
{"level":"error","message":"Email already registered","method":"POST","stack":"Error: Email already registered\n    at register (file:///D:/N25_2/imtihon3/src/controller/user.controller.js:19:15)\n    at process.processTicksAndRejections (node:internal/process/task_queues:105:5)","timestamp":"2025-11-17T12:38:39.416Z","url":"/users/register"}
{"level":"info","message":"OTP email sent successfully to sardorxs2039@gmail.com, MessageID: <457ae530-5fff-f4f2-71bd-4b7b40b28cb1@gmail.com>","timestamp":"2025-11-17T12:38:47.772Z"}
{"level":"info","message":"User registered, OTP sent to sardorxs2039@gmail.com","timestamp":"2025-11-17T12:38:47.772Z"}
{"level":"info","message":"Email verified: sardorxs2039@gmail.com","timestamp":"2025-11-17T12:39:19.154Z"}
{"level":"info","message":"Server is running on http://localhost:3002","timestamp":"2025-11-17T12:40:02.880Z"}
{"level":"info","message":"Server is running on http://localhost:3002","timestamp":"2025-11-17T12:40:11.961Z"}
{"level":"info","message":"Server is running on http://localhost:3002","timestamp":"2025-11-17T12:40:17.128Z"}
{"level":"info","message":"Server is running on http://localhost:3002","timestamp":"2025-11-17T12:40:35.630Z"}
{"level":"info","message":"Server is running on http://localhost:3002","timestamp":"2025-11-17T12:40:48.334Z"}
{"level":"info","message":"User logged in: sardorxs2039@gmail.com","timestamp":"2025-11-17T12:41:48.284Z"}
{"level":"info","message":"Server is running on http://localhost:3002","timestamp":"2025-11-17T12:42:56.621Z"}
{"level":"info","message":"Server is running on http://localhost:3002","timestamp":"2025-11-17T12:43:09.692Z"}
{"level":"info","message":"Token refreshed for user: sardorxs2039@gmail.com","timestamp":"2025-11-17T12:44:12.463Z"}
{"level":"info","message":"Token refreshed for user: sardorxs2039@gmail.com","timestamp":"2025-11-17T12:44:24.452Z"}
{"level":"info","message":"Token refreshed for user: sardorxs2039@gmail.com","timestamp":"2025-11-17T12:44:27.646Z"}
{"level":"info","message":"Server is running on http://localhost:3002","timestamp":"2025-11-17T12:47:13.553Z"}
{"level":"info","message":"User logged in: sardorxs2039@gmail.com","timestamp":"2025-11-17T12:48:38.276Z"}
{"level":"info","message":"User logged in: sardorxs2039@gmail.com","timestamp":"2025-11-17T12:49:05.213Z"}
{"level":"info","message":"User sardorxs2039@gmail.com authenticated","timestamp":"2025-11-17T12:56:23.257Z"}
{"level":"info","message":"User sardorxs2039@gmail.com authenticated","timestamp":"2025-11-17T12:56:33.490Z"}
{"level":"info","message":"User sardorxs2039@gmail.com authenticated","timestamp":"2025-11-17T12:56:44.758Z"}
{"level":"info","message":"User sardorxs2039@gmail.com authenticated","timestamp":"2025-11-17T12:59:15.882Z"}
{"level":"info","message":"User logged out: sardorxs2039@gmail.com","timestamp":"2025-11-17T12:59:15.883Z"}
{"level":"info","message":"User logged in: sardorxs2039@gmail.com","timestamp":"2025-11-17T12:59:22.280Z"}
{"level":"error","message":"No token provided","method":"GET","stack":"Error: No token provided\n    at authGuard (file:///D:/N25_2/imtihon3/src/middlewares/guards.js:11:13)\n    at Layer.handle [as handle_request] (D:\\N25_2\\imtihon3\\node_modules\\.pnpm\\express@4.21.2\\node_modules\\express\\lib\\router\\layer.js:95:5)\n    at next (D:\\N25_2\\imtihon3\\node_modules\\.pnpm\\express@4.21.2\\node_modules\\express\\lib\\router\\route.js:149:13)\n    at Route.dispatch (D:\\N25_2\\imtihon3\\node_modules\\.pnpm\\express@4.21.2\\node_modules\\express\\lib\\router\\route.js:119:3)\n    at Layer.handle [as handle_request] (D:\\N25_2\\imtihon3\\node_modules\\.pnpm\\express@4.21.2\\node_modules\\express\\lib\\router\\layer.js:95:5)\n    at D:\\N25_2\\imtihon3\\node_modules\\.pnpm\\express@4.21.2\\node_modules\\express\\lib\\router\\index.js:284:15\n    at Function.process_params (D:\\N25_2\\imtihon3\\node_modules\\.pnpm\\express@4.21.2\\node_modules\\express\\lib\\router\\index.js:346:12)\n    at next (D:\\N25_2\\imtihon3\\node_modules\\.pnpm\\express@4.21.2\\node_modules\\express\\lib\\router\\index.js:280:10)\n    at Function.handle (D:\\N25_2\\imtihon3\\node_modules\\.pnpm\\express@4.21.2\\node_modules\\express\\lib\\router\\index.js:175:3)\n    at router (D:\\N25_2\\imtihon3\\node_modules\\.pnpm\\express@4.21.2\\node_modules\\express\\lib\\router\\index.js:47:12)","timestamp":"2025-11-17T13:00:11.513Z","url":"/users"}
{"level":"info","message":"User sardorxs2039@gmail.com authenticated","timestamp":"2025-11-17T13:00:20.224Z"}
{"level":"info","message":"User sardorxs2039@gmail.com authenticated","timestamp":"2025-11-17T13:01:37.620Z"}
{"level":"info","message":"User sardorxs2039@gmail.com authenticated","timestamp":"2025-11-17T13:01:52.433Z"}
{"level":"info","message":"User sardorxs2039@gmail.com authenticated","timestamp":"2025-11-17T13:02:15.851Z"}
{"level":"error","message":"No token provided","method":"PUT","stack":"Error: No token provided\n    at authGuard (file:///D:/N25_2/imtihon3/src/middlewares/guards.js:11:13)\n    at Layer.handle [as handle_request] (D:\\N25_2\\imtihon3\\node_modules\\.pnpm\\express@4.21.2\\node_modules\\express\\lib\\router\\layer.js:95:5)\n    at next (D:\\N25_2\\imtihon3\\node_modules\\.pnpm\\express@4.21.2\\node_modules\\express\\lib\\router\\route.js:149:13)\n    at Route.dispatch (D:\\N25_2\\imtihon3\\node_modules\\.pnpm\\express@4.21.2\\node_modules\\express\\lib\\router\\route.js:119:3)\n    at Layer.handle [as handle_request] (D:\\N25_2\\imtihon3\\node_modules\\.pnpm\\express@4.21.2\\node_modules\\express\\lib\\router\\layer.js:95:5)\n    at D:\\N25_2\\imtihon3\\node_modules\\.pnpm\\express@4.21.2\\node_modules\\express\\lib\\router\\index.js:284:15\n    at param (D:\\N25_2\\imtihon3\\node_modules\\.pnpm\\express@4.21.2\\node_modules\\express\\lib\\router\\index.js:365:14)\n    at param (D:\\N25_2\\imtihon3\\node_modules\\.pnpm\\express@4.21.2\\node_modules\\express\\lib\\router\\index.js:376:14)\n    at Function.process_params (D:\\N25_2\\imtihon3\\node_modules\\.pnpm\\express@4.21.2\\node_modules\\express\\lib\\router\\index.js:421:3)\n    at next (D:\\N25_2\\imtihon3\\node_modules\\.pnpm\\express@4.21.2\\node_modules\\express\\lib\\router\\index.js:280:10)","timestamp":"2025-11-17T13:07:34.207Z","url":"/users/c4c5d2d5-3357-4f07-bba6-b480448463e2"}
{"level":"info","message":"User sardorxs2039@gmail.com authenticated","timestamp":"2025-11-17T13:07:42.226Z"}
{"level":"info","message":"User sardorxs2039@gmail.com authenticated","timestamp":"2025-11-17T13:07:56.164Z"}
{"level":"info","message":"User sardorxs2039@gmail.com authenticated","timestamp":"2025-11-17T13:08:11.196Z"}
{"level":"info","message":"User updated: admin@example.com","timestamp":"2025-11-17T13:08:11.204Z"}
{"level":"info","message":"User sardorxs2039@gmail.com authenticated","timestamp":"2025-11-17T13:09:22.678Z"}
{"level":"info","message":"User deleted: sardorxs2039@gmail.com","timestamp":"2025-11-17T13:09:22.708Z"}
{"level":"error","message":"Email already registered","method":"POST","stack":"Error: Email already registered\n    at register (file:///D:/N25_2/imtihon3/src/controller/user.controller.js:19:15)\n    at process.processTicksAndRejections (node:internal/process/task_queues:105:5)","timestamp":"2025-11-17T13:09:33.695Z","url":"/users/register"}
{"level":"error","message":"Invalid token","method":"DELETE","stack":"Error: Invalid token\n    at authGuard (file:///D:/N25_2/imtihon3/src/middlewares/guards.js:38:12)\n    at Layer.handle [as handle_request] (D:\\N25_2\\imtihon3\\node_modules\\.pnpm\\express@4.21.2\\node_modules\\express\\lib\\router\\layer.js:95:5)\n    at next (D:\\N25_2\\imtihon3\\node_modules\\.pnpm\\express@4.21.2\\node_modules\\express\\lib\\router\\route.js:149:13)\n    at Route.dispatch (D:\\N25_2\\imtihon3\\node_modules\\.pnpm\\express@4.21.2\\node_modules\\express\\lib\\router\\route.js:119:3)\n    at Layer.handle [as handle_request] (D:\\N25_2\\imtihon3\\node_modules\\.pnpm\\express@4.21.2\\node_modules\\express\\lib\\router\\layer.js:95:5)\n    at D:\\N25_2\\imtihon3\\node_modules\\.pnpm\\express@4.21.2\\node_modules\\express\\lib\\router\\index.js:284:15\n    at param (D:\\N25_2\\imtihon3\\node_modules\\.pnpm\\express@4.21.2\\node_modules\\express\\lib\\router\\index.js:365:14)\n    at param (D:\\N25_2\\imtihon3\\node_modules\\.pnpm\\express@4.21.2\\node_modules\\express\\lib\\router\\index.js:376:14)\n    at Function.process_params (D:\\N25_2\\imtihon3\\node_modules\\.pnpm\\express@4.21.2\\node_modules\\express\\lib\\router\\index.js:421:3)\n    at next (D:\\N25_2\\imtihon3\\node_modules\\.pnpm\\express@4.21.2\\node_modules\\express\\lib\\router\\index.js:280:10)","timestamp":"2025-11-17T13:09:51.358Z","url":"/users/c4c5d2d5-3357-4f07-bba6-b480448463e2"}
{"level":"error","message":"Email already registered","method":"POST","stack":"Error: Email already registered\n    at register (file:///D:/N25_2/imtihon3/src/controller/user.controller.js:19:15)\n    at process.processTicksAndRejections (node:internal/process/task_queues:105:5)","timestamp":"2025-11-17T13:09:59.463Z","url":"/users/register"}
{"level":"info","message":"Server is running on http://localhost:3002","timestamp":"2025-11-17T13:10:25.622Z"}
{"level":"error","message":"Email already registered","method":"POST","stack":"Error: Email already registered\n    at register (file:///D:/N25_2/imtihon3/src/controller/user.controller.js:19:15)\n    at process.processTicksAndRejections (node:internal/process/task_queues:105:5)","timestamp":"2025-11-17T13:10:27.742Z","url":"/users/register"}
{"level":"info","message":"Server is running on http://localhost:3002","timestamp":"2025-11-17T13:12:27.743Z"}
{"level":"error","message":"Email already registered","method":"POST","stack":"Error: Email already registered\n    at register (file:///D:/N25_2/imtihon3/src/controller/user.controller.js:19:15)\n    at process.processTicksAndRejections (node:internal/process/task_queues:105:5)","timestamp":"2025-11-17T13:12:29.973Z","url":"/users/register"}
{"level":"error","message":"Email already registered","method":"POST","stack":"Error: Email already registered\n    at register (file:///D:/N25_2/imtihon3/src/controller/user.controller.js:19:15)\n    at process.processTicksAndRejections (node:internal/process/task_queues:105:5)","timestamp":"2025-11-17T13:12:33.207Z","url":"/users/register"}
{"level":"info","message":"Server is running on http://localhost:3002","timestamp":"2025-11-17T13:12:43.413Z"}
{"level":"error","message":"Email already registered","method":"POST","stack":"Error: Email already registered\n    at register (file:///D:/N25_2/imtihon3/src/controller/user.controller.js:19:15)\n    at process.processTicksAndRejections (node:internal/process/task_queues:105:5)","timestamp":"2025-11-17T13:12:46.489Z","url":"/users/register"}
{"level":"error","message":"Invalid token","method":"DELETE","stack":"Error: Invalid token\n    at authGuard (file:///D:/N25_2/imtihon3/src/middlewares/guards.js:38:12)\n    at Layer.handle [as handle_request] (D:\\N25_2\\imtihon3\\node_modules\\.pnpm\\express@4.21.2\\node_modules\\express\\lib\\router\\layer.js:95:5)\n    at next (D:\\N25_2\\imtihon3\\node_modules\\.pnpm\\express@4.21.2\\node_modules\\express\\lib\\router\\route.js:149:13)\n    at Route.dispatch (D:\\N25_2\\imtihon3\\node_modules\\.pnpm\\express@4.21.2\\node_modules\\express\\lib\\router\\route.js:119:3)\n    at Layer.handle [as handle_request] (D:\\N25_2\\imtihon3\\node_modules\\.pnpm\\express@4.21.2\\node_modules\\express\\lib\\router\\layer.js:95:5)\n    at D:\\N25_2\\imtihon3\\node_modules\\.pnpm\\express@4.21.2\\node_modules\\express\\lib\\router\\index.js:284:15\n    at param (D:\\N25_2\\imtihon3\\node_modules\\.pnpm\\express@4.21.2\\node_modules\\express\\lib\\router\\index.js:365:14)\n    at param (D:\\N25_2\\imtihon3\\node_modules\\.pnpm\\express@4.21.2\\node_modules\\express\\lib\\router\\index.js:376:14)\n    at Function.process_params (D:\\N25_2\\imtihon3\\node_modules\\.pnpm\\express@4.21.2\\node_modules\\express\\lib\\router\\index.js:421:3)\n    at next (D:\\N25_2\\imtihon3\\node_modules\\.pnpm\\express@4.21.2\\node_modules\\express\\lib\\router\\index.js:280:10)","timestamp":"2025-11-17T13:12:51.626Z","url":"/users/c4c5d2d5-3357-4f07-bba6-b480448463e2"}
{"level":"info","message":"OTP email sent successfully to sardorxs20359@gmail.com, MessageID: <578950e4-9e61-e33f-f181-1c9fe4fb036d@gmail.com>","timestamp":"2025-11-17T13:13:01.646Z"}
{"level":"info","message":"User registered, OTP sent to sardorxs20359@gmail.com","timestamp":"2025-11-17T13:13:01.647Z"}
{"level":"error","message":"Please verify your email first","method":"POST","stack":"Error: Please verify your email first\n    at login (file:///D:/N25_2/imtihon3/src/controller/user.controller.js:102:15)","timestamp":"2025-11-17T13:13:09.424Z","url":"/users/login"}
{"level":"info","message":"Email verified: sardorxs20359@gmail.com","timestamp":"2025-11-17T13:13:37.315Z"}
{"level":"error","message":"Invalid token","method":"DELETE","stack":"Error: Invalid token\n    at authGuard (file:///D:/N25_2/imtihon3/src/middlewares/guards.js:38:12)\n    at Layer.handle [as handle_request] (D:\\N25_2\\imtihon3\\node_modules\\.pnpm\\express@4.21.2\\node_modules\\express\\lib\\router\\layer.js:95:5)\n    at next (D:\\N25_2\\imtihon3\\node_modules\\.pnpm\\express@4.21.2\\node_modules\\express\\lib\\router\\route.js:149:13)\n    at Route.dispatch (D:\\N25_2\\imtihon3\\node_modules\\.pnpm\\express@4.21.2\\node_modules\\express\\lib\\router\\route.js:119:3)\n    at Layer.handle [as handle_request] (D:\\N25_2\\imtihon3\\node_modules\\.pnpm\\express@4.21.2\\node_modules\\express\\lib\\router\\layer.js:95:5)\n    at D:\\N25_2\\imtihon3\\node_modules\\.pnpm\\express@4.21.2\\node_modules\\express\\lib\\router\\index.js:284:15\n    at param (D:\\N25_2\\imtihon3\\node_modules\\.pnpm\\express@4.21.2\\node_modules\\express\\lib\\router\\index.js:365:14)\n    at param (D:\\N25_2\\imtihon3\\node_modules\\.pnpm\\express@4.21.2\\node_modules\\express\\lib\\router\\index.js:376:14)\n    at Function.process_params (D:\\N25_2\\imtihon3\\node_modules\\.pnpm\\express@4.21.2\\node_modules\\express\\lib\\router\\index.js:421:3)\n    at next (D:\\N25_2\\imtihon3\\node_modules\\.pnpm\\express@4.21.2\\node_modules\\express\\lib\\router\\index.js:280:10)","timestamp":"2025-11-17T13:13:43.196Z","url":"/users/c4c5d2d5-3357-4f07-bba6-b480448463e2"}
{"level":"info","message":"User logged in: sardorxs20359@gmail.com","timestamp":"2025-11-17T13:13:51.354Z"}
{"level":"info","message":"User sardorxs20359@gmail.com authenticated","timestamp":"2025-11-17T13:14:12.509Z"}
{"level":"error","message":"User not found","method":"DELETE","stack":"Error: User not found\n    at deleteUser (file:///D:/N25_2/imtihon3/src/controller/user.controller.js:292:15)\n    at process.processTicksAndRejections (node:internal/process/task_queues:105:5)","timestamp":"2025-11-17T13:14:12.511Z","url":"/users/c4c5d2d5-3357-4f07-bba6-b480448463e2"}
{"level":"info","message":"User logged in: sardorxs20359@gmail.com","timestamp":"2025-11-17T13:14:21.525Z"}
{"level":"info","message":"User logged in: sardorxs20359@gmail.com","timestamp":"2025-11-17T13:15:22.056Z"}
{"level":"info","message":"User sardorxs20359@gmail.com authenticated","timestamp":"2025-11-17T13:15:31.743Z"}
{"level":"info","message":"User deleted: sardorxs20359@gmail.com","timestamp":"2025-11-17T13:15:31.758Z"}
{"level":"info","message":"OTP email sent successfully to sardorxs20359@gmail.com, MessageID: <cabb9d4e-b1bf-2019-0fd4-c6862d0edbd6@gmail.com>","timestamp":"2025-11-17T13:15:40.443Z"}
{"level":"info","message":"User registered, OTP sent to sardorxs20359@gmail.com","timestamp":"2025-11-17T13:15:40.444Z"}
{"level":"info","message":"Email verified: sardorxs20359@gmail.com","timestamp":"2025-11-17T13:16:01.122Z"}
{"level":"info","message":"User logged in: sardorxs20359@gmail.com","timestamp":"2025-11-17T13:16:07.732Z"}
{"level":"error","message":"No token provided","method":"POST","stack":"Error: No token provided\n    at authGuard (file:///D:/N25_2/imtihon3/src/middlewares/guards.js:11:13)\n    at Layer.handle [as handle_request] (D:\\N25_2\\imtihon3\\node_modules\\.pnpm\\express@4.21.2\\node_modules\\express\\lib\\router\\layer.js:95:5)\n    at next (D:\\N25_2\\imtihon3\\node_modules\\.pnpm\\express@4.21.2\\node_modules\\express\\lib\\router\\route.js:149:13)\n    at Route.dispatch (D:\\N25_2\\imtihon3\\node_modules\\.pnpm\\express@4.21.2\\node_modules\\express\\lib\\router\\route.js:119:3)\n    at Layer.handle [as handle_request] (D:\\N25_2\\imtihon3\\node_modules\\.pnpm\\express@4.21.2\\node_modules\\express\\lib\\router\\layer.js:95:5)\n    at D:\\N25_2\\imtihon3\\node_modules\\.pnpm\\express@4.21.2\\node_modules\\express\\lib\\router\\index.js:284:15\n    at Function.process_params (D:\\N25_2\\imtihon3\\node_modules\\.pnpm\\express@4.21.2\\node_modules\\express\\lib\\router\\index.js:346:12)\n    at next (D:\\N25_2\\imtihon3\\node_modules\\.pnpm\\express@4.21.2\\node_modules\\express\\lib\\router\\index.js:280:10)\n    at Function.handle (D:\\N25_2\\imtihon3\\node_modules\\.pnpm\\express@4.21.2\\node_modules\\express\\lib\\router\\index.js:175:3)\n    at router (D:\\N25_2\\imtihon3\\node_modules\\.pnpm\\express@4.21.2\\node_modules\\express\\lib\\router\\index.js:47:12)","timestamp":"2025-11-17T13:20:05.345Z","url":"/ingredients"}
{"level":"info","message":"User sardorxs20359@gmail.com authenticated","timestamp":"2025-11-17T13:20:13.199Z"}
{"level":"info","message":"User sardorxs20359@gmail.com authenticated","timestamp":"2025-11-17T13:20:59.762Z"}
{"level":"info","message":"User sardorxs20359@gmail.com authenticated","timestamp":"2025-11-17T13:21:23.747Z"}
{"level":"error","message":"Ingredient already exists","method":"POST","stack":"Error: Ingredient already exists\n    at createIngredient (file:///D:/N25_2/imtihon3/src/controller/ingredient.controller.js:12:15)\n    at process.processTicksAndRejections (node:internal/process/task_queues:105:5)","timestamp":"2025-11-17T13:21:23.783Z","url":"/ingredients"}
{"level":"info","message":"User sardorxs20359@gmail.com authenticated","timestamp":"2025-11-17T13:21:34.258Z"}
{"level":"info","message":"Ingredient created: Tomato Soup","timestamp":"2025-11-17T13:21:34.270Z"}
{"level":"info","message":"User sardorxs20359@gmail.com authenticated","timestamp":"2025-11-17T13:22:44.310Z"}
{"level":"error","message":"Ingredient already exists","method":"POST","stack":"Error: Ingredient already exists\n    at createIngredient (file:///D:/N25_2/imtihon3/src/controller/ingredient.controller.js:12:15)\n    at process.processTicksAndRejections (node:internal/process/task_queues:105:5)","timestamp":"2025-11-17T13:22:44.312Z","url":"/ingredients"}
{"level":"info","message":"User sardorxs20359@gmail.com authenticated","timestamp":"2025-11-17T13:23:33.786Z"}
{"level":"error","message":"Ingredient already exists","method":"POST","stack":"Error: Ingredient already exists\n    at createIngredient (file:///D:/N25_2/imtihon3/src/controller/ingredient.controller.js:12:15)\n    at process.processTicksAndRejections (node:internal/process/task_queues:105:5)","timestamp":"2025-11-17T13:23:33.800Z","url":"/ingredients"}
{"level":"info","message":"User sardorxs20359@gmail.com authenticated","timestamp":"2025-11-17T13:23:50.718Z"}
{"level":"info","message":"Ingredient created: Pomidor","timestamp":"2025-11-17T13:23:50.723Z"}
{"level":"info","message":"User sardorxs20359@gmail.com authenticated","timestamp":"2025-11-17T13:25:40.359Z"}
{"level":"error","message":"Ingredient already exists","method":"POST","stack":"Error: Ingredient already exists\n    at createIngredient (file:///D:/N25_2/imtihon3/src/controller/ingredient.controller.js:12:15)\n    at process.processTicksAndRejections (node:internal/process/task_queues:105:5)","timestamp":"2025-11-17T13:25:40.360Z","url":"/ingredients"}
{"level":"info","message":"User sardorxs20359@gmail.com authenticated","timestamp":"2025-11-17T13:28:11.995Z"}
{"level":"info","message":"Ingredient updated: Pomidor","timestamp":"2025-11-17T13:28:12.008Z"}
{"level":"info","message":"User sardorxs20359@gmail.com authenticated","timestamp":"2025-11-17T13:28:53.860Z"}
{"level":"info","message":"Ingredient deleted: Pomidor","timestamp":"2025-11-17T13:28:53.866Z"}
{"level":"info","message":"User sardorxs20359@gmail.com authenticated","timestamp":"2025-11-17T13:29:24.470Z"}
{"level":"info","message":"Ingredient created: Pomidor","timestamp":"2025-11-17T13:29:24.481Z"}
{"level":"error","message":"Token expired","method":"POST","stack":"Error: Token expired\n    at authGuard (file:///D:/N25_2/imtihon3/src/middlewares/guards.js:40:12)\n    at Layer.handle [as handle_request] (D:\\N25_2\\imtihon3\\node_modules\\.pnpm\\express@4.21.2\\node_modules\\express\\lib\\router\\layer.js:95:5)\n    at next (D:\\N25_2\\imtihon3\\node_modules\\.pnpm\\express@4.21.2\\node_modules\\express\\lib\\router\\route.js:149:13)\n    at Route.dispatch (D:\\N25_2\\imtihon3\\node_modules\\.pnpm\\express@4.21.2\\node_modules\\express\\lib\\router\\route.js:119:3)\n    at Layer.handle [as handle_request] (D:\\N25_2\\imtihon3\\node_modules\\.pnpm\\express@4.21.2\\node_modules\\express\\lib\\router\\layer.js:95:5)\n    at D:\\N25_2\\imtihon3\\node_modules\\.pnpm\\express@4.21.2\\node_modules\\express\\lib\\router\\index.js:284:15\n    at Function.process_params (D:\\N25_2\\imtihon3\\node_modules\\.pnpm\\express@4.21.2\\node_modules\\express\\lib\\router\\index.js:346:12)\n    at next (D:\\N25_2\\imtihon3\\node_modules\\.pnpm\\express@4.21.2\\node_modules\\express\\lib\\router\\index.js:280:10)\n    at Function.handle (D:\\N25_2\\imtihon3\\node_modules\\.pnpm\\express@4.21.2\\node_modules\\express\\lib\\router\\index.js:175:3)\n    at router (D:\\N25_2\\imtihon3\\node_modules\\.pnpm\\express@4.21.2\\node_modules\\express\\lib\\router\\index.js:47:12)","timestamp":"2025-11-17T13:31:47.779Z","url":"/recipes"}
{"level":"info","message":"Server is running on http://localhost:3002","timestamp":"2025-11-17T13:32:36.086Z"}
{"level":"info","message":"Server is running on http://localhost:3002","timestamp":"2025-11-17T13:32:39.423Z"}
{"level":"info","message":"User logged in: sardorxs20359@gmail.com","timestamp":"2025-11-17T13:32:56.628Z"}
{"level":"info","message":"User sardorxs20359@gmail.com authenticated","timestamp":"2025-11-17T13:33:39.014Z"}
{"level":"info","message":"User sardorxs20359@gmail.com authenticated","timestamp":"2025-11-17T13:34:44.343Z"}
{"level":"info","message":"Recipe created: Pasta Carbonara","timestamp":"2025-11-17T13:34:44.376Z"}
{"level":"info","message":"User sardorxs20359@gmail.com authenticated","timestamp":"2025-11-17T13:35:32.067Z"}
{"level":"info","message":"Recipe created: Pasta Carbonara","timestamp":"2025-11-17T13:35:32.084Z"}
{"level":"info","message":"User sardorxs20359@gmail.com authenticated","timestamp":"2025-11-17T13:38:23.236Z"}
{"level":"info","message":"Server is running on http://localhost:3002","timestamp":"2025-11-17T13:39:58.763Z"}
{"level":"info","message":"User sardorxs20359@gmail.com authenticated","timestamp":"2025-11-17T13:40:00.067Z"}
{"level":"info","message":"User sardorxs20359@gmail.com authenticated","timestamp":"2025-11-17T13:40:03.104Z"}
{"level":"info","message":"Server is running on http://localhost:3002","timestamp":"2025-11-17T13:40:12.526Z"}
{"level":"info","message":"User sardorxs20359@gmail.com authenticated","timestamp":"2025-11-17T13:40:16.255Z"}
{"level":"error","message":"update \"recipe\" set \"title\" = $1, \"description\" = $2, \"cookingTime\" = $3, \"instructions\" = $4, \"imageUrl\" = $5, \"ingredients\" = $6, \"updatedAt\" = CURRENT_TIMESTAMP where \"id\" = $7 - column \"ingredients\" of relation \"recipe\" does not exist","method":"PUT","stack":"error: update \"recipe\" set \"title\" = $1, \"description\" = $2, \"cookingTime\" = $3, \"instructions\" = $4, \"imageUrl\" = $5, \"ingredients\" = $6, \"updatedAt\" = CURRENT_TIMESTAMP where \"id\" = $7 - column \"ingredients\" of relation \"recipe\" does not exist\n    at Parser.parseErrorMessage (D:\\N25_2\\imtihon3\\node_modules\\.pnpm\\pg-protocol@1.10.3\\node_modules\\pg-protocol\\dist\\parser.js:285:98)\n    at Parser.handlePacket (D:\\N25_2\\imtihon3\\node_modules\\.pnpm\\pg-protocol@1.10.3\\node_modules\\pg-protocol\\dist\\parser.js:122:29)\n    at Parser.parse (D:\\N25_2\\imtihon3\\node_modules\\.pnpm\\pg-protocol@1.10.3\\node_modules\\pg-protocol\\dist\\parser.js:35:38)\n    at Socket.<anonymous> (D:\\N25_2\\imtihon3\\node_modules\\.pnpm\\pg-protocol@1.10.3\\node_modules\\pg-protocol\\dist\\index.js:11:42)\n    at Socket.emit (node:events:519:28)\n    at addChunk (node:internal/streams/readable:561:12)\n    at readableAddChunkPushByteMode (node:internal/streams/readable:512:3)\n    at Readable.push (node:internal/streams/readable:392:5)\n    at TCP.onStreamRead (node:internal/stream_base_commons:189:23)","timestamp":"2025-11-17T13:40:16.283Z","url":"/recipes/fca7ebd5-6c13-49af-84cb-190892f8edf0"}
{"level":"info","message":"Server is running on http://localhost:3002","timestamp":"2025-11-17T13:43:10.566Z"}
{"level":"info","message":"Server is running on http://localhost:3002","timestamp":"2025-11-17T13:43:18.748Z"}
{"level":"info","message":"Server is running on http://localhost:3002","timestamp":"2025-11-17T13:43:49.315Z"}
{"level":"info","message":"Server is running on http://localhost:3002","timestamp":"2025-11-17T13:43:57.030Z"}
{"level":"info","message":"Server is running on http://localhost:3002","timestamp":"2025-11-17T13:43:58.830Z"}
{"level":"info","message":"Server is running on http://localhost:3002","timestamp":"2025-11-17T13:44:00.630Z"}
{"level":"info","message":"User sardorxs20359@gmail.com authenticated","timestamp":"2025-11-17T13:45:55.604Z"}
{"level":"info","message":"Recipe updated: Pasta Carbonara","timestamp":"2025-11-17T13:45:55.631Z"}
{"level":"info","message":"User sardorxs20359@gmail.com authenticated","timestamp":"2025-11-17T13:48:33.004Z"}
{"level":"info","message":"Review created for recipe: fca7ebd5-6c13-49af-84cb-190892f8edf0","timestamp":"2025-11-17T13:48:33.011Z"}
{"level":"info","message":"User sardorxs20359@gmail.com authenticated","timestamp":"2025-11-17T13:49:19.495Z"}
{"level":"error","message":"You already reviewed this recipe","method":"POST","stack":"Error: You already reviewed this recipe\n    at createReview (file:///D:/N25_2/imtihon3/src/controller/Review.controller.js:23:15)\n    at process.processTicksAndRejections (node:internal/process/task_queues:105:5)","timestamp":"2025-11-17T13:49:19.499Z","url":"/reviews"}
{"level":"info","message":"User sardorxs20359@gmail.com authenticated","timestamp":"2025-11-17T13:50:04.670Z"}
{"level":"error","message":"You already reviewed this recipe","method":"POST","stack":"Error: You already reviewed this recipe\n    at createReview (file:///D:/N25_2/imtihon3/src/controller/Review.controller.js:23:15)\n    at process.processTicksAndRejections (node:internal/process/task_queues:105:5)","timestamp":"2025-11-17T13:50:04.673Z","url":"/reviews"}
{"level":"info","message":"Server is running on http://localhost:3002","timestamp":"2025-11-17T13:50:11.472Z"}
{"level":"info","message":"User sardorxs20359@gmail.com authenticated","timestamp":"2025-11-17T13:50:12.637Z"}
{"level":"info","message":"Review created for recipe: fca7ebd5-6c13-49af-84cb-190892f8edf0","timestamp":"2025-11-17T13:50:12.658Z"}
{"level":"info","message":"User sardorxs20359@gmail.com authenticated","timestamp":"2025-11-17T13:50:16.087Z"}
{"level":"info","message":"Review created for recipe: fca7ebd5-6c13-49af-84cb-190892f8edf0","timestamp":"2025-11-17T13:50:16.092Z"}
{"level":"info","message":"User sardorxs20359@gmail.com authenticated","timestamp":"2025-11-17T13:52:25.114Z"}
{"level":"info","message":"Server is running on http://localhost:3002","timestamp":"2025-11-17T13:53:26.493Z"}
{"level":"info","message":"Server is running on http://localhost:3002","timestamp":"2025-11-17T13:53:37.768Z"}
{"level":"info","message":"User sardorxs20359@gmail.com authenticated","timestamp":"2025-11-17T13:53:45.995Z"}
{"level":"info","message":"Server is running on http://localhost:3002","timestamp":"2025-11-17T13:58:45.894Z"}
{"level":"info","message":"Server is running on http://localhost:3002","timestamp":"2025-11-17T13:58:50.626Z"}
{"level":"info","message":"Server is running on http://localhost:3002","timestamp":"2025-11-17T13:58:52.667Z"}
{"level":"info","message":"Server is running on http://localhost:3002","timestamp":"2025-11-17T13:58:58.254Z"}
{"level":"info","message":"Server is running on http://localhost:3002","timestamp":"2025-11-17T13:59:07.269Z"}
{"level":"info","message":"Server is running on http://localhost:3002","timestamp":"2025-11-17T13:59:11.089Z"}
{"level":"info","message":"Server is running on http://localhost:3002","timestamp":"2025-11-17T13:59:13.893Z"}
{"level":"info","message":"Server is running on http://localhost:3002","timestamp":"2025-11-17T13:59:15.314Z"}
{"level":"info","message":"Server is running on http://localhost:3002","timestamp":"2025-11-17T14:00:05.478Z"}
{"level":"info","message":"User sardorxs20359@gmail.com authenticated","timestamp":"2025-11-17T14:00:34.684Z"}
{"level":"info","message":"Review updated: 5a000e35-a074-49ae-98d2-887d53cddd78","timestamp":"2025-11-17T14:00:34.705Z"}
{"level":"info","message":"User sardorxs20359@gmail.com authenticated","timestamp":"2025-11-17T14:00:42.943Z"}
{"level":"info","message":"Review updated: 5a000e35-a074-49ae-98d2-887d53cddd78","timestamp":"2025-11-17T14:00:42.957Z"}
{"level":"error","message":"No token provided","method":"PUT","stack":"Error: No token provided\n    at authGuard (file:///D:/N25_2/imtihon3/src/middlewares/guards.js:11:13)\n    at Layer.handle [as handle_request] (D:\\N25_2\\imtihon3\\node_modules\\.pnpm\\express@4.21.2\\node_modules\\express\\lib\\router\\layer.js:95:5)\n    at next (D:\\N25_2\\imtihon3\\node_modules\\.pnpm\\express@4.21.2\\node_modules\\express\\lib\\router\\route.js:149:13)\n    at Route.dispatch (D:\\N25_2\\imtihon3\\node_modules\\.pnpm\\express@4.21.2\\node_modules\\express\\lib\\router\\route.js:119:3)\n    at Layer.handle [as handle_request] (D:\\N25_2\\imtihon3\\node_modules\\.pnpm\\express@4.21.2\\node_modules\\express\\lib\\router\\layer.js:95:5)\n    at D:\\N25_2\\imtihon3\\node_modules\\.pnpm\\express@4.21.2\\node_modules\\express\\lib\\router\\index.js:284:15\n    at param (D:\\N25_2\\imtihon3\\node_modules\\.pnpm\\express@4.21.2\\node_modules\\express\\lib\\router\\index.js:365:14)\n    at param (D:\\N25_2\\imtihon3\\node_modules\\.pnpm\\express@4.21.2\\node_modules\\express\\lib\\router\\index.js:376:14)\n    at Function.process_params (D:\\N25_2\\imtihon3\\node_modules\\.pnpm\\express@4.21.2\\node_modules\\express\\lib\\router\\index.js:421:3)\n    at next (D:\\N25_2\\imtihon3\\node_modules\\.pnpm\\express@4.21.2\\node_modules\\express\\lib\\router\\index.js:280:10)","timestamp":"2025-11-17T14:01:43.872Z","url":"/reviews/5a000e35-a074-49ae-98d2-887d53cddd78/status"}
{"level":"info","message":"User sardorxs20359@gmail.com authenticated","timestamp":"2025-11-17T14:01:52.566Z"}
{"level":"info","message":"Review status updated: 5a000e35-a074-49ae-98d2-887d53cddd78","timestamp":"2025-11-17T14:01:52.573Z"}
{"level":"info","message":"Server is running on http://localhost:3002","timestamp":"2025-11-17T14:02:50.192Z"}
{"level":"info","message":"User sardorxs20359@gmail.com authenticated","timestamp":"2025-11-17T14:04:22.828Z"}
{"level":"info","message":"Ingredient added to recipe: fca7ebd5-6c13-49af-84cb-190892f8edf0","timestamp":"2025-11-17T14:04:22.844Z"}
{"level":"info","message":"User sardorxs20359@gmail.com authenticated","timestamp":"2025-11-17T14:05:45.357Z"}
{"level":"info","message":"Ingredient added to recipe: fca7ebd5-6c13-49af-84cb-190892f8edf0","timestamp":"2025-11-17T14:05:45.374Z"}
{"level":"info","message":"Server is running on http://localhost:3002","timestamp":"2025-11-17T14:06:32.565Z"}
{"level":"error","message":"Undefined binding(s) detected when compiling SELECT. Undefined column(s): [recipeIngredient.recipeId] query: select \"recipeIngredient\".\"id\", \"recipeIngredient\".\"recipeId\", \"ingredient\".\"id\" as \"ingredientId\", \"ingredient\".\"name\", \"recipeIngredient\".\"quantity\", \"recipeIngredient\".\"unit\" from \"recipeIngredient\" inner join \"ingredient\" on \"recipeIngredient\".\"ingredientId\" = \"ingredient\".\"id\" where \"recipeIngredient\".\"recipeId\" = ?","method":"GET","stack":"Error: Undefined binding(s) detected when compiling SELECT. Undefined column(s): [recipeIngredient.recipeId] query: select \"recipeIngredient\".\"id\", \"recipeIngredient\".\"recipeId\", \"ingredient\".\"id\" as \"ingredientId\", \"ingredient\".\"name\", \"recipeIngredient\".\"quantity\", \"recipeIngredient\".\"unit\" from \"recipeIngredient\" inner join \"ingredient\" on \"recipeIngredient\".\"ingredientId\" = \"ingredient\".\"id\" where \"recipeIngredient\".\"recipeId\" = ?\n    at QueryCompiler_PG.toSQL (D:\\N25_2\\imtihon3\\node_modules\\.pnpm\\knex@3.1.0_pg@8.16.3\\node_modules\\knex\\lib\\query\\querycompiler.js:112:13)\n    at QueryBuilder_PostgreSQL.toSQL (D:\\N25_2\\imtihon3\\node_modules\\.pnpm\\knex@3.1.0_pg@8.16.3\\node_modules\\knex\\lib\\query\\querybuilder.js:84:44)\n    at ensureConnectionCallback (D:\\N25_2\\imtihon3\\node_modules\\.pnpm\\knex@3.1.0_pg@8.16.3\\node_modules\\knex\\lib\\execution\\internal\\ensure-connection-callback.js:4:30)\n    at Runner.ensureConnection (D:\\N25_2\\imtihon3\\node_modules\\.pnpm\\knex@3.1.0_pg@8.16.3\\node_modules\\knex\\lib\\execution\\runner.js:318:20)\n    at process.processTicksAndRejections (node:internal/process/task_queues:105:5)\n    at async Runner.run (D:\\N25_2\\imtihon3\\node_modules\\.pnpm\\knex@3.1.0_pg@8.16.3\\node_modules\\knex\\lib\\execution\\runner.js:30:19)\n    at async getRecipeIngredients (file:///D:/N25_2/imtihon3/src/controller/recipeIngredients.controller.js:45:33)","timestamp":"2025-11-17T14:07:02.744Z","url":"/recipeIngredients/0d3beeb6-db0b-45ac-b67d-1d94ccb933ad"}
{"level":"error","message":"Undefined binding(s) detected when compiling SELECT. Undefined column(s): [recipeIngredient.recipeId] query: select \"recipeIngredient\".\"id\", \"recipeIngredient\".\"recipeId\", \"ingredient\".\"id\" as \"ingredientId\", \"ingredient\".\"name\", \"recipeIngredient\".\"quantity\", \"recipeIngredient\".\"unit\" from \"recipeIngredient\" inner join \"ingredient\" on \"recipeIngredient\".\"ingredientId\" = \"ingredient\".\"id\" where \"recipeIngredient\".\"recipeId\" = ?","method":"GET","stack":"Error: Undefined binding(s) detected when compiling SELECT. Undefined column(s): [recipeIngredient.recipeId] query: select \"recipeIngredient\".\"id\", \"recipeIngredient\".\"recipeId\", \"ingredient\".\"id\" as \"ingredientId\", \"ingredient\".\"name\", \"recipeIngredient\".\"quantity\", \"recipeIngredient\".\"unit\" from \"recipeIngredient\" inner join \"ingredient\" on \"recipeIngredient\".\"ingredientId\" = \"ingredient\".\"id\" where \"recipeIngredient\".\"recipeId\" = ?\n    at QueryCompiler_PG.toSQL (D:\\N25_2\\imtihon3\\node_modules\\.pnpm\\knex@3.1.0_pg@8.16.3\\node_modules\\knex\\lib\\query\\querycompiler.js:112:13)\n    at QueryBuilder_PostgreSQL.toSQL (D:\\N25_2\\imtihon3\\node_modules\\.pnpm\\knex@3.1.0_pg@8.16.3\\node_modules\\knex\\lib\\query\\querybuilder.js:84:44)\n    at ensureConnectionCallback (D:\\N25_2\\imtihon3\\node_modules\\.pnpm\\knex@3.1.0_pg@8.16.3\\node_modules\\knex\\lib\\execution\\internal\\ensure-connection-callback.js:4:30)\n    at Runner.ensureConnection (D:\\N25_2\\imtihon3\\node_modules\\.pnpm\\knex@3.1.0_pg@8.16.3\\node_modules\\knex\\lib\\execution\\runner.js:318:20)\n    at async Runner.run (D:\\N25_2\\imtihon3\\node_modules\\.pnpm\\knex@3.1.0_pg@8.16.3\\node_modules\\knex\\lib\\execution\\runner.js:30:19)\n    at async getRecipeIngredients (file:///D:/N25_2/imtihon3/src/controller/recipeIngredients.controller.js:45:33)","timestamp":"2025-11-17T14:07:13.827Z","url":"/recipeIngredients/0d3beeb6-db0b-45ac-b67d-1d94ccb933ad"}
